[+] Containers:
 |- [+] Container: /Game/ThirdPerson/Maps/ThirdPersonMap
 |   |- [+] ActorDescs:
 |   |   |- Guid:14A51275418B3DC5E71BA3B3065D921E BaseClass: NativeClass:/Script/Engine.StaticMeshActor Name:StaticMeshActor_UAID_047C1656BC13FD3A02_1332170279 Label:StaticMeshActor SpatiallyLoaded:1 Bounds:IsValid=true, Min=(X=2900.000 Y=1040.000 Z=170.000), Max=(X=2900.000 Y=1040.000 Z=170.000) RuntimeGrid:None EditorOnly:0 RuntimeOnly:0 HLODRelevant:0 ListedInSceneOutliner:1 IsMainWorldOnly:0
 |   |   |- Guid:1DA0CC46448EE01CD654EB9D8210BDA9 BaseClass:/Game/ThirdPerson/Blueprints/3_1_Bad_Cube.3_1_Bad_Cube_C NativeClass:/Script/Engine.Actor Name:3_1_Bad_Cube_C_UAID_047C1656BC13FC3A02_2013035102 Label:3_1_Bad_Cube SpatiallyLoaded:1 Bounds:IsValid=true, Min=(X=1520.000 Y=600.000 Z=10.000), Max=(X=1700.000 Y=700.000 Z=110.000) RuntimeGrid:None EditorOnly:0 RuntimeOnly:0 HLODRelevant:0 ListedInSceneOutliner:1 IsMainWorldOnly:0
 |   |   |- Guid:22D481BD43F25C0279A57BBEFA9A399B BaseClass:/Game/ThirdPerson/Blueprints/1_2_Mushroom.1_2_Mushroom_C NativeClass:/Script/Engine.Actor Name:1_2_Mushroom_C_UAID_047C1656BC13FA3A02_1713751744 Label:1_2_Mushroom SpatiallyLoaded:1 Bounds:IsValid=true, Min=(X=2420.000 Y=1396.000 Z=-14.000), Max=(X=2614.000 Y=1524.000 Z=114.000) RuntimeGrid:None EditorOnly:0 RuntimeOnly:0 HLODRelevant:0 ListedInSceneOutliner:1 IsMainWorldOnly:0
 |   |   |- Guid:252BEB7F419692519AD47EA56E7750D5 BaseClass:/Game/ThirdPerson/Blueprints/3_3_Stalker.3_3_Stalker_C NativeClass:/Script/Engine.Actor Name:3_3_Stalker_C_UAID_047C1656BC13FD3A02_1880029281 Label:3_3_Stalker SpatiallyLoaded:1 Bounds:IsValid=true, Min=(X=1520.000 Y=1700.000 Z=10.000), Max=(X=1700.000 Y=1800.000 Z=110.000) RuntimeGrid:None EditorOnly:0 RuntimeOnly:0 HLODRelevant:0 ListedInSceneOutliner:1 IsMainWorldOnly:0
 |   |   |- Guid:2EF413B54F5617924A46FA8166CDE042 BaseClass:/Game/ThirdPerson/Blueprints/1_4_Blowfish.1_4_Blowfish_C NativeClass:/Script/Engine.Actor Name:1_4_Blowfish_C_UAID_047C1656BC13FB3A02_1510840922 Label:1_4_Blowfish SpatiallyLoaded:1 Bounds:IsValid=true, Min=(X=2420.000 Y=2000.000 Z=10.000), Max=(X=2600.000 Y=2100.000 Z=110.000) RuntimeGrid:None EditorOnly:0 RuntimeOnly:0 HLODRelevant:0 ListedInSceneOutliner:1 IsMainWorldOnly:0
 |   |   |- Guid:2FB58999456391D349DC0F86DAC136ED BaseClass: NativeClass:/Script/Engine.SkyLight Name:SkyLight_1 Label:SkyLight SpatiallyLoaded:0 Bounds:IsValid=true, Min=(X=0.000 Y=0.000 Z=690.000), Max=(X=0.000 Y=0.000 Z=690.000) RuntimeGrid:None EditorOnly:0 RuntimeOnly:0 HLODRelevant:0 ListedInSceneOutliner:1 IsMainWorldOnly:0 FolderPath:Lighting FolderGuid:963EC3EB4002CCE9759E2EBA541A873A
 |   |   |- Guid:316CF2A6494ACA4C0E4180A87D36AB8F BaseClass: NativeClass:/Script/Engine.ExponentialHeightFog Name:ExponentialHeightFog_0 Label:ExponentialHeightFog SpatiallyLoaded:0 Bounds:IsValid=true, Min=(X=-5600.000 Y=-50.000 Z=-6850.000), Max=(X=-5600.000 Y=-50.000 Z=-6850.000) RuntimeGrid:None EditorOnly:0 RuntimeOnly:0 HLODRelevant:0 ListedInSceneOutliner:1 IsMainWorldOnly:0 FolderPath:Lighting FolderGuid:963EC3EB4002CCE9759E2EBA541A873A
 |   |   |- Guid:3A00AA1C422CE54C0BDB60BAF471BFBB BaseClass: NativeClass:/Script/Engine.PlayerStart Name:PlayerStart_0 Label:PlayerStart SpatiallyLoaded:0 Bounds:IsValid=true, Min=(X=860.000 Y=1070.000 Z=0.013), Max=(X=940.000 Y=1150.000 Z=184.013) RuntimeGrid:None EditorOnly:0 RuntimeOnly:0 HLODRelevant:0 ListedInSceneOutliner:1 IsMainWorldOnly:0
 |   |   |- Guid:3E391AC14310DEBDB65024B14C21C5A6 BaseClass:/Game/ThirdPerson/Blueprints/4_1_Teleport_Point.4_1_Teleport_Point_C NativeClass:/Script/Engine.Actor Name:4_1_Teleport_Point_C_UAID_047C1656BC13FE3A02_1330973458 Label:4_1_Teleport_Point SpatiallyLoaded:1 Bounds:IsValid=true, Min=(X=1520.000 Y=1983.000 Z=-4.000), Max=(X=1714.000 Y=2117.000 Z=124.000) RuntimeGrid:None EditorOnly:0 RuntimeOnly:0 HLODRelevant:0 ListedInSceneOutliner:1 IsMainWorldOnly:0
 |   |   |- Guid:3F4E5A15436E4EFC9E1B659799B6F5A4 BaseClass:/Game/ThirdPerson/Blueprints/2_1_Push.2_1_Push_C NativeClass:/Script/Engine.Actor Name:2_1_Push_C_UAID_047C1656BC13FB3A02_1907608923 Label:2_1_Push SpatiallyLoaded:1 Bounds:IsValid=true, Min=(X=1920.000 Y=1086.000 Z=-4.000), Max=(X=2114.000 Y=1214.000 Z=124.000) RuntimeGrid:None EditorOnly:0 RuntimeOnly:0 HLODRelevant:0 ListedInSceneOutliner:1 IsMainWorldOnly:0
 |   |   |- Guid:43815E84492231AFC407F59E3C28176B BaseClass: NativeClass:/Script/Engine.StaticMeshActor Name:StaticMeshActor_4 Label:SM_Cube6 SpatiallyLoaded:1 Bounds:IsValid=true, Min=(X=2900.000 Y=100.000 Z=0.000), Max=(X=3000.000 Y=3400.000 Z=400.000) RuntimeGrid:None EditorOnly:0 RuntimeOnly:0 HLODRelevant:1 ListedInSceneOutliner:1 IsMainWorldOnly:0 FolderPath:Playground FolderGuid:C73F09FC4215536B1DCE2A9E0A830C70
 |   |   |- Guid:4D3BE93F4146AAAC8BBE79999D96D57F BaseClass: NativeClass:/Script/Engine.VolumetricCloud Name:VolumetricCloud_0 Label:VolumetricCloud SpatiallyLoaded:0 Bounds:IsValid=true, Min=(X=0.000 Y=0.000 Z=820.000), Max=(X=0.000 Y=0.000 Z=820.000) RuntimeGrid:None EditorOnly:0 RuntimeOnly:0 HLODRelevant:0 ListedInSceneOutliner:1 IsMainWorldOnly:0 FolderPath:Lighting FolderGuid:963EC3EB4002CCE9759E2EBA541A873A
 |   |   |- Guid:5B97F4A64FB21F77EFC44386BF705B4C BaseClass: NativeClass:/Script/Engine.TextRenderActor Name:TextRenderActor_1 Label:TextRenderActor SpatiallyLoaded:1 Bounds:IsValid=true, Min=(X=-0.100 Y=1100.000 Z=65.013), Max=(X=-0.100 Y=2392.308 Z=215.013) RuntimeGrid:None EditorOnly:0 RuntimeOnly:0 HLODRelevant:0 ListedInSceneOutliner:1 IsMainWorldOnly:0
 |   |   |- Guid:5E1F1C9544D21BA3BCB86C825EC1223F BaseClass:/Game/ThirdPerson/Blueprints/5_1_Understudy.5_1_Understudy_C NativeClass:/Script/Engine.Actor Name:5_1_Understudy_C_UAID_047C1656BC13FF3A02_1315026637 Label:5_1_Understudy SpatiallyLoaded:1 Bounds:IsValid=true, Min=(X=1120.000 Y=1086.000 Z=-4.000), Max=(X=1335.000 Y=1214.000 Z=124.000) RuntimeGrid:None EditorOnly:0 RuntimeOnly:0 HLODRelevant:0 ListedInSceneOutliner:1 IsMainWorldOnly:0
 |   |   |- Guid:6BAF4DDD444C60371492D3919DB42C97 BaseClass: NativeClass:/Script/Engine.WorldDataLayers Name:WorldDataLayers Label:WorldDataLayers SpatiallyLoaded:0 Bounds:IsValid=true, Min=(X=0.000 Y=0.000 Z=0.000), Max=(X=0.000 Y=0.000 Z=0.000) RuntimeGrid:None EditorOnly:0 RuntimeOnly:0 HLODRelevant:0 ListedInSceneOutliner:1 IsMainWorldOnly:1
 |   |   |- Guid:89653E1C4804E8D618929A8EC2D6ED80 BaseClass:/Game/ThirdPerson/Blueprints/1_3_Rotation.1_3_Rotation_C NativeClass:/Script/Engine.Actor Name:1_3_Rotation_C_UAID_047C1656BC13FB3A02_1198975921 Label:1_3_Rotation SpatiallyLoaded:1 Bounds:IsValid=true, Min=(X=2420.000 Y=1600.000 Z=10.000), Max=(X=2600.000 Y=1700.000 Z=110.000) RuntimeGrid:None EditorOnly:0 RuntimeOnly:0 HLODRelevant:0 ListedInSceneOutliner:1 IsMainWorldOnly:0
 |   |   |- Guid:926BB027468A9781A940E4882A78B4DF BaseClass:/Game/ThirdPerson/Blueprints/3_2_Good_Cube.3_2_Good_Cube_C NativeClass:/Script/Engine.Actor Name:3_2_Good_Cube_C_UAID_047C1656BC13FD3A02_1636742280 Label:3_2_Good_Cube SpatiallyLoaded:1 Bounds:IsValid=true, Min=(X=1520.000 Y=899.500 Z=10.000), Max=(X=1700.000 Y=1000.500 Z=110.000) RuntimeGrid:None EditorOnly:0 RuntimeOnly:0 HLODRelevant:0 ListedInSceneOutliner:1 IsMainWorldOnly:0
 |   |   |- Guid:A56216954B2165CF0F35A886B537D536 BaseClass: NativeClass:/Script/Engine.StaticMeshActor Name:StaticMeshActor_0 Label:SM_Cube5 SpatiallyLoaded:1 Bounds:IsValid=true, Min=(X=-0.000 Y=100.000 Z=0.000), Max=(X=100.000 Y=3400.000 Z=400.000) RuntimeGrid:None EditorOnly:0 RuntimeOnly:0 HLODRelevant:1 ListedInSceneOutliner:1 IsMainWorldOnly:0 FolderPath:Playground FolderGuid:C73F09FC4215536B1DCE2A9E0A830C70
 |   |   |- Guid:ACA0933D43D4B7E8EDFCBCB70C5847C5 BaseClass:/Game/ThirdPerson/Blueprints/4_3_Teleport_Widget.4_3_Teleport_Widget_C NativeClass:/Script/Engine.Actor Name:4_3_Teleport_Widget_C_UAID_047C1656BC13FE3A02_1905855460 Label:4_3_Teleport_Widget SpatiallyLoaded:1 Bounds:IsValid=true, Min=(X=1520.000 Y=2575.000 Z=-4.000), Max=(X=1714.000 Y=2725.000 Z=124.000) RuntimeGrid:None EditorOnly:0 RuntimeOnly:0 HLODRelevant:0 ListedInSceneOutliner:1 IsMainWorldOnly:0
 |   |   |- Guid:B785ED2844B84CFB91E7F39FE661CD99 BaseClass: NativeClass:/Script/Engine.DirectionalLight Name:DirectionalLight_0 Label:DirectionalLight SpatiallyLoaded:0 Bounds:IsValid=true, Min=(X=-1048576.000 Y=-1048576.000 Z=-1048576.000), Max=(X=1048576.000 Y=1048576.000 Z=1048576.000) RuntimeGrid:None EditorOnly:0 RuntimeOnly:0 HLODRelevant:0 ListedInSceneOutliner:1 IsMainWorldOnly:0 FolderPath:Lighting FolderGuid:963EC3EB4002CCE9759E2EBA541A873A
 |   |   |- Guid:B83BF40742986B94415E9DBED89CDCE3 BaseClass:/Game/ThirdPerson/Blueprints/5_2_Repeat_After_Me.5_2_Repeat_After_Me_C NativeClass:/Script/Engine.Actor Name:5_2_Repeat_After_Me_C_UAID_047C1656BC13003B02_1544822814 Label:5_2_Repeat_After_Me SpatiallyLoaded:1 Bounds:IsValid=true, Min=(X=1120.000 Y=1372.500 Z=-4.000), Max=(X=1314.000 Y=1527.500 Z=124.000) RuntimeGrid:None EditorOnly:0 RuntimeOnly:0 HLODRelevant:0 ListedInSceneOutliner:1 IsMainWorldOnly:0
 |   |   |- Guid:BC08B79C4EA3C961CFF75EBBE83B367D BaseClass: NativeClass:/Script/Engine.StaticMeshActor Name:StaticMeshActor_5 Label:SM_Cube2 SpatiallyLoaded:1 Bounds:IsValid=true, Min=(X=0.000 Y=0.000 Z=0.000), Max=(X=3000.000 Y=100.000 Z=400.000) RuntimeGrid:None EditorOnly:0 RuntimeOnly:0 HLODRelevant:1 ListedInSceneOutliner:1 IsMainWorldOnly:0 FolderPath:Playground FolderGuid:C73F09FC4215536B1DCE2A9E0A830C70
 |   |   |- Guid:C16B3D024213563A6DA6FDBBE617755C BaseClass:/Game/ThirdPerson/Blueprints/4_2_Teleport_Actor.4_2_Teleport_Actor_C NativeClass:/Script/Engine.Actor Name:4_2_Teleport_Actor_C_UAID_047C1656BC13FE3A02_1657020459 Label:4_2_Teleport_Actor SpatiallyLoaded:1 Bounds:IsValid=true, Min=(X=1520.000 Y=2282.500 Z=-4.000), Max=(X=1714.000 Y=2417.500 Z=124.000) RuntimeGrid:None EditorOnly:0 RuntimeOnly:0 HLODRelevant:0 ListedInSceneOutliner:1 IsMainWorldOnly:0
 |   |   |- Guid:CCFF262C46EEFFDF319E7F9539CE697E BaseClass: NativeClass:/Script/Engine.SkyAtmosphere Name:SkyAtmosphere_0 Label:SkyAtmosphere SpatiallyLoaded:0 Bounds:IsValid=true, Min=(X=0.000 Y=0.000 Z=1020.000), Max=(X=0.000 Y=0.000 Z=1020.000) RuntimeGrid:None EditorOnly:0 RuntimeOnly:0 HLODRelevant:0 ListedInSceneOutliner:1 IsMainWorldOnly:0 FolderPath:Lighting FolderGuid:963EC3EB4002CCE9759E2EBA541A873A
 |   |   |- Guid:EC4E0C944CE6AC6E784BC6BB2916EA13 BaseClass: NativeClass:/Script/Engine.StaticMeshActor Name:StaticMeshActor_UAID_A4AE111137DC5EFB00_1110535423 Label:SM_SkySphere SpatiallyLoaded:0 Bounds:IsValid=true, Min=(X=-1638400.000 Y=-1638400.000 Z=-1638400.000), Max=(X=1638400.000 Y=1638400.000 Z=1638400.000) RuntimeGrid:None EditorOnly:0 RuntimeOnly:0 HLODRelevant:1 ListedInSceneOutliner:1 IsMainWorldOnly:0 FolderPath:Lighting FolderGuid:963EC3EB4002CCE9759E2EBA541A873A
 |   |   |- Guid:EDBADBE346CE672348945489E951E9D5 BaseClass:/Game/ThirdPerson/Blueprints/2_3_Check_Box.2_3_Check_Box_C NativeClass:/Script/Engine.Actor Name:2_3_Check_box_C_UAID_047C1656BC13FC3A02_1543875101 Label:2_3_Check_box SpatiallyLoaded:1 Bounds:IsValid=true, Min=(X=1920.000 Y=1686.000 Z=-2.000), Max=(X=2114.000 Y=1814.000 Z=400.000) RuntimeGrid:None EditorOnly:0 RuntimeOnly:0 HLODRelevant:0 ListedInSceneOutliner:1 IsMainWorldOnly:0
 |   |   |- Guid:F1924B8D48954B30891B2DB6A694F9CC BaseClass: NativeClass:/Script/Engine.StaticMeshActor Name:StaticMeshActor_1 Label:SM_Cube SpatiallyLoaded:1 Bounds:IsValid=true, Min=(X=0.000 Y=0.000 Z=-50.000), Max=(X=3000.000 Y=3500.000 Z=0.000) RuntimeGrid:None EditorOnly:0 RuntimeOnly:0 HLODRelevant:1 ListedInSceneOutliner:1 IsMainWorldOnly:0 FolderPath:Playground FolderGuid:C73F09FC4215536B1DCE2A9E0A830C70
 |   |   |- Guid:F5E3FEB3450C49844FD93DA8E083C8AD BaseClass: NativeClass:/Script/Engine.PostProcessVolume Name:PostProcessVolume_0 Label:PostProcessVolume SpatiallyLoaded:0 Bounds:IsValid=true, Min=(X=0.000 Y=0.000 Z=400.000), Max=(X=200.000 Y=200.000 Z=600.000) RuntimeGrid:None EditorOnly:0 RuntimeOnly:0 HLODRelevant:0 ListedInSceneOutliner:1 IsMainWorldOnly:0 FolderPath:Lighting FolderGuid:963EC3EB4002CCE9759E2EBA541A873A
 |   |   |- Guid:F7971D6342942886936AF587B2818723 BaseClass:/Game/ThirdPerson/Blueprints/1_1_Extension.1_1_Extension_C NativeClass:/Script/Engine.Actor Name:1_1_Extension_C_UAID_047C1656BC13FA3A02_1167698743 Label:1_1_Extension SpatiallyLoaded:1 Bounds:IsValid=true, Min=(X=2390.000 Y=1120.000 Z=120.000), Max=(X=2570.000 Y=1220.000 Z=220.000) RuntimeGrid:None EditorOnly:0 RuntimeOnly:0 HLODRelevant:0 ListedInSceneOutliner:1 IsMainWorldOnly:0
 |   |   |- Guid:FAAAE64A4CE762CB7D4993BADC8BD714 BaseClass:/Game/ThirdPerson/Blueprints/2_2_Frog.2_2_Frog_C NativeClass:/Script/Engine.Actor Name:2_2_Frog_C_UAID_047C1656BC13FC3A02_1244904100 Label:2_2_Frog SpatiallyLoaded:1 Bounds:IsValid=true, Min=(X=1920.000 Y=1386.000 Z=-4.000), Max=(X=2114.000 Y=1514.000 Z=124.000) RuntimeGrid:None EditorOnly:0 RuntimeOnly:0 HLODRelevant:0 ListedInSceneOutliner:1 IsMainWorldOnly:0
 |   |   |- Guid:FF698C67459ADB4982D7759C0905EE9F BaseClass: NativeClass:/Script/Engine.StaticMeshActor Name:StaticMeshActor_6 Label:SM_Cube3 SpatiallyLoaded:1 Bounds:IsValid=true, Min=(X=0.000 Y=3400.000 Z=0.000), Max=(X=3000.000 Y=3500.000 Z=400.000) RuntimeGrid:None EditorOnly:0 RuntimeOnly:0 HLODRelevant:1 ListedInSceneOutliner:1 IsMainWorldOnly:0 FolderPath:Playground FolderGuid:C73F09FC4215536B1DCE2A9E0A830C70
 |   |- [+] Clusters:
 |   |   |- [+] [  0]
 |   |   |   |- Guid:14A51275418B3DC5E71BA3B3065D921E BaseClass: NativeClass:/Script/Engine.StaticMeshActor Name:StaticMeshActor_UAID_047C1656BC13FD3A02_1332170279 Label:StaticMeshActor SpatiallyLoaded:1 Bounds:IsValid=true, Min=(X=2900.000 Y=1040.000 Z=170.000), Max=(X=2900.000 Y=1040.000 Z=170.000) RuntimeGrid:None EditorOnly:0 RuntimeOnly:0 HLODRelevant:0 ListedInSceneOutliner:1 IsMainWorldOnly:0
 |   |   |- [+] [  1]
 |   |   |   |- Guid:1DA0CC46448EE01CD654EB9D8210BDA9 BaseClass:/Game/ThirdPerson/Blueprints/3_1_Bad_Cube.3_1_Bad_Cube_C NativeClass:/Script/Engine.Actor Name:3_1_Bad_Cube_C_UAID_047C1656BC13FC3A02_2013035102 Label:3_1_Bad_Cube SpatiallyLoaded:1 Bounds:IsValid=true, Min=(X=1520.000 Y=600.000 Z=10.000), Max=(X=1700.000 Y=700.000 Z=110.000) RuntimeGrid:None EditorOnly:0 RuntimeOnly:0 HLODRelevant:0 ListedInSceneOutliner:1 IsMainWorldOnly:0
 |   |   |- [+] [  2]
 |   |   |   |- Guid:22D481BD43F25C0279A57BBEFA9A399B BaseClass:/Game/ThirdPerson/Blueprints/1_2_Mushroom.1_2_Mushroom_C NativeClass:/Script/Engine.Actor Name:1_2_Mushroom_C_UAID_047C1656BC13FA3A02_1713751744 Label:1_2_Mushroom SpatiallyLoaded:1 Bounds:IsValid=true, Min=(X=2420.000 Y=1396.000 Z=-14.000), Max=(X=2614.000 Y=1524.000 Z=114.000) RuntimeGrid:None EditorOnly:0 RuntimeOnly:0 HLODRelevant:0 ListedInSceneOutliner:1 IsMainWorldOnly:0
 |   |   |- [+] [  3]
 |   |   |   |- Guid:252BEB7F419692519AD47EA56E7750D5 BaseClass:/Game/ThirdPerson/Blueprints/3_3_Stalker.3_3_Stalker_C NativeClass:/Script/Engine.Actor Name:3_3_Stalker_C_UAID_047C1656BC13FD3A02_1880029281 Label:3_3_Stalker SpatiallyLoaded:1 Bounds:IsValid=true, Min=(X=1520.000 Y=1700.000 Z=10.000), Max=(X=1700.000 Y=1800.000 Z=110.000) RuntimeGrid:None EditorOnly:0 RuntimeOnly:0 HLODRelevant:0 ListedInSceneOutliner:1 IsMainWorldOnly:0
 |   |   |- [+] [  4]
 |   |   |   |- Guid:2EF413B54F5617924A46FA8166CDE042 BaseClass:/Game/ThirdPerson/Blueprints/1_4_Blowfish.1_4_Blowfish_C NativeClass:/Script/Engine.Actor Name:1_4_Blowfish_C_UAID_047C1656BC13FB3A02_1510840922 Label:1_4_Blowfish SpatiallyLoaded:1 Bounds:IsValid=true, Min=(X=2420.000 Y=2000.000 Z=10.000), Max=(X=2600.000 Y=2100.000 Z=110.000) RuntimeGrid:None EditorOnly:0 RuntimeOnly:0 HLODRelevant:0 ListedInSceneOutliner:1 IsMainWorldOnly:0
 |   |   |- [+] [  5]
 |   |   |   |- Guid:2FB58999456391D349DC0F86DAC136ED BaseClass: NativeClass:/Script/Engine.SkyLight Name:SkyLight_1 Label:SkyLight SpatiallyLoaded:0 Bounds:IsValid=true, Min=(X=0.000 Y=0.000 Z=690.000), Max=(X=0.000 Y=0.000 Z=690.000) RuntimeGrid:None EditorOnly:0 RuntimeOnly:0 HLODRelevant:0 ListedInSceneOutliner:1 IsMainWorldOnly:0 FolderPath:Lighting FolderGuid:963EC3EB4002CCE9759E2EBA541A873A
 |   |   |- [+] [  6]
 |   |   |   |- Guid:316CF2A6494ACA4C0E4180A87D36AB8F BaseClass: NativeClass:/Script/Engine.ExponentialHeightFog Name:ExponentialHeightFog_0 Label:ExponentialHeightFog SpatiallyLoaded:0 Bounds:IsValid=true, Min=(X=-5600.000 Y=-50.000 Z=-6850.000), Max=(X=-5600.000 Y=-50.000 Z=-6850.000) RuntimeGrid:None EditorOnly:0 RuntimeOnly:0 HLODRelevant:0 ListedInSceneOutliner:1 IsMainWorldOnly:0 FolderPath:Lighting FolderGuid:963EC3EB4002CCE9759E2EBA541A873A
 |   |   |- [+] [  7]
 |   |   |   |- Guid:3A00AA1C422CE54C0BDB60BAF471BFBB BaseClass: NativeClass:/Script/Engine.PlayerStart Name:PlayerStart_0 Label:PlayerStart SpatiallyLoaded:0 Bounds:IsValid=true, Min=(X=860.000 Y=1070.000 Z=0.013), Max=(X=940.000 Y=1150.000 Z=184.013) RuntimeGrid:None EditorOnly:0 RuntimeOnly:0 HLODRelevant:0 ListedInSceneOutliner:1 IsMainWorldOnly:0
 |   |   |- [+] [  8]
 |   |   |   |- Guid:3E391AC14310DEBDB65024B14C21C5A6 BaseClass:/Game/ThirdPerson/Blueprints/4_1_Teleport_Point.4_1_Teleport_Point_C NativeClass:/Script/Engine.Actor Name:4_1_Teleport_Point_C_UAID_047C1656BC13FE3A02_1330973458 Label:4_1_Teleport_Point SpatiallyLoaded:1 Bounds:IsValid=true, Min=(X=1520.000 Y=1983.000 Z=-4.000), Max=(X=1714.000 Y=2117.000 Z=124.000) RuntimeGrid:None EditorOnly:0 RuntimeOnly:0 HLODRelevant:0 ListedInSceneOutliner:1 IsMainWorldOnly:0
 |   |   |- [+] [  9]
 |   |   |   |- Guid:3F4E5A15436E4EFC9E1B659799B6F5A4 BaseClass:/Game/ThirdPerson/Blueprints/2_1_Push.2_1_Push_C NativeClass:/Script/Engine.Actor Name:2_1_Push_C_UAID_047C1656BC13FB3A02_1907608923 Label:2_1_Push SpatiallyLoaded:1 Bounds:IsValid=true, Min=(X=1920.000 Y=1086.000 Z=-4.000), Max=(X=2114.000 Y=1214.000 Z=124.000) RuntimeGrid:None EditorOnly:0 RuntimeOnly:0 HLODRelevant:0 ListedInSceneOutliner:1 IsMainWorldOnly:0
 |   |   |- [+] [ 10]
 |   |   |   |- Guid:43815E84492231AFC407F59E3C28176B BaseClass: NativeClass:/Script/Engine.StaticMeshActor Name:StaticMeshActor_4 Label:SM_Cube6 SpatiallyLoaded:1 Bounds:IsValid=true, Min=(X=2900.000 Y=100.000 Z=0.000), Max=(X=3000.000 Y=3400.000 Z=400.000) RuntimeGrid:None EditorOnly:0 RuntimeOnly:0 HLODRelevant:1 ListedInSceneOutliner:1 IsMainWorldOnly:0 FolderPath:Playground FolderGuid:C73F09FC4215536B1DCE2A9E0A830C70
 |   |   |- [+] [ 11]
 |   |   |   |- Guid:4D3BE93F4146AAAC8BBE79999D96D57F BaseClass: NativeClass:/Script/Engine.VolumetricCloud Name:VolumetricCloud_0 Label:VolumetricCloud SpatiallyLoaded:0 Bounds:IsValid=true, Min=(X=0.000 Y=0.000 Z=820.000), Max=(X=0.000 Y=0.000 Z=820.000) RuntimeGrid:None EditorOnly:0 RuntimeOnly:0 HLODRelevant:0 ListedInSceneOutliner:1 IsMainWorldOnly:0 FolderPath:Lighting FolderGuid:963EC3EB4002CCE9759E2EBA541A873A
 |   |   |- [+] [ 12]
 |   |   |   |- Guid:5B97F4A64FB21F77EFC44386BF705B4C BaseClass: NativeClass:/Script/Engine.TextRenderActor Name:TextRenderActor_1 Label:TextRenderActor SpatiallyLoaded:1 Bounds:IsValid=true, Min=(X=-0.100 Y=1100.000 Z=65.013), Max=(X=-0.100 Y=2392.308 Z=215.013) RuntimeGrid:None EditorOnly:0 RuntimeOnly:0 HLODRelevant:0 ListedInSceneOutliner:1 IsMainWorldOnly:0
 |   |   |- [+] [ 13]
 |   |   |   |- Guid:5E1F1C9544D21BA3BCB86C825EC1223F BaseClass:/Game/ThirdPerson/Blueprints/5_1_Understudy.5_1_Understudy_C NativeClass:/Script/Engine.Actor Name:5_1_Understudy_C_UAID_047C1656BC13FF3A02_1315026637 Label:5_1_Understudy SpatiallyLoaded:1 Bounds:IsValid=true, Min=(X=1120.000 Y=1086.000 Z=-4.000), Max=(X=1335.000 Y=1214.000 Z=124.000) RuntimeGrid:None EditorOnly:0 RuntimeOnly:0 HLODRelevant:0 ListedInSceneOutliner:1 IsMainWorldOnly:0
 |   |   |- [+] [ 14]
 |   |   |   |- Guid:6BAF4DDD444C60371492D3919DB42C97 BaseClass: NativeClass:/Script/Engine.WorldDataLayers Name:WorldDataLayers Label:WorldDataLayers SpatiallyLoaded:0 Bounds:IsValid=true, Min=(X=0.000 Y=0.000 Z=0.000), Max=(X=0.000 Y=0.000 Z=0.000) RuntimeGrid:None EditorOnly:0 RuntimeOnly:0 HLODRelevant:0 ListedInSceneOutliner:1 IsMainWorldOnly:1
 |   |   |- [+] [ 15]
 |   |   |   |- Guid:89653E1C4804E8D618929A8EC2D6ED80 BaseClass:/Game/ThirdPerson/Blueprints/1_3_Rotation.1_3_Rotation_C NativeClass:/Script/Engine.Actor Name:1_3_Rotation_C_UAID_047C1656BC13FB3A02_1198975921 Label:1_3_Rotation SpatiallyLoaded:1 Bounds:IsValid=true, Min=(X=2420.000 Y=1600.000 Z=10.000), Max=(X=2600.000 Y=1700.000 Z=110.000) RuntimeGrid:None EditorOnly:0 RuntimeOnly:0 HLODRelevant:0 ListedInSceneOutliner:1 IsMainWorldOnly:0
 |   |   |- [+] [ 16]
 |   |   |   |- Guid:926BB027468A9781A940E4882A78B4DF BaseClass:/Game/ThirdPerson/Blueprints/3_2_Good_Cube.3_2_Good_Cube_C NativeClass:/Script/Engine.Actor Name:3_2_Good_Cube_C_UAID_047C1656BC13FD3A02_1636742280 Label:3_2_Good_Cube SpatiallyLoaded:1 Bounds:IsValid=true, Min=(X=1520.000 Y=899.500 Z=10.000), Max=(X=1700.000 Y=1000.500 Z=110.000) RuntimeGrid:None EditorOnly:0 RuntimeOnly:0 HLODRelevant:0 ListedInSceneOutliner:1 IsMainWorldOnly:0
 |   |   |- [+] [ 17]
 |   |   |   |- Guid:A56216954B2165CF0F35A886B537D536 BaseClass: NativeClass:/Script/Engine.StaticMeshActor Name:StaticMeshActor_0 Label:SM_Cube5 SpatiallyLoaded:1 Bounds:IsValid=true, Min=(X=-0.000 Y=100.000 Z=0.000), Max=(X=100.000 Y=3400.000 Z=400.000) RuntimeGrid:None EditorOnly:0 RuntimeOnly:0 HLODRelevant:1 ListedInSceneOutliner:1 IsMainWorldOnly:0 FolderPath:Playground FolderGuid:C73F09FC4215536B1DCE2A9E0A830C70
 |   |   |- [+] [ 18]
 |   |   |   |- Guid:ACA0933D43D4B7E8EDFCBCB70C5847C5 BaseClass:/Game/ThirdPerson/Blueprints/4_3_Teleport_Widget.4_3_Teleport_Widget_C NativeClass:/Script/Engine.Actor Name:4_3_Teleport_Widget_C_UAID_047C1656BC13FE3A02_1905855460 Label:4_3_Teleport_Widget SpatiallyLoaded:1 Bounds:IsValid=true, Min=(X=1520.000 Y=2575.000 Z=-4.000), Max=(X=1714.000 Y=2725.000 Z=124.000) RuntimeGrid:None EditorOnly:0 RuntimeOnly:0 HLODRelevant:0 ListedInSceneOutliner:1 IsMainWorldOnly:0
 |   |   |- [+] [ 19]
 |   |   |   |- Guid:B785ED2844B84CFB91E7F39FE661CD99 BaseClass: NativeClass:/Script/Engine.DirectionalLight Name:DirectionalLight_0 Label:DirectionalLight SpatiallyLoaded:0 Bounds:IsValid=true, Min=(X=-1048576.000 Y=-1048576.000 Z=-1048576.000), Max=(X=1048576.000 Y=1048576.000 Z=1048576.000) RuntimeGrid:None EditorOnly:0 RuntimeOnly:0 HLODRelevant:0 ListedInSceneOutliner:1 IsMainWorldOnly:0 FolderPath:Lighting FolderGuid:963EC3EB4002CCE9759E2EBA541A873A
 |   |   |- [+] [ 20]
 |   |   |   |- Guid:B83BF40742986B94415E9DBED89CDCE3 BaseClass:/Game/ThirdPerson/Blueprints/5_2_Repeat_After_Me.5_2_Repeat_After_Me_C NativeClass:/Script/Engine.Actor Name:5_2_Repeat_After_Me_C_UAID_047C1656BC13003B02_1544822814 Label:5_2_Repeat_After_Me SpatiallyLoaded:1 Bounds:IsValid=true, Min=(X=1120.000 Y=1372.500 Z=-4.000), Max=(X=1314.000 Y=1527.500 Z=124.000) RuntimeGrid:None EditorOnly:0 RuntimeOnly:0 HLODRelevant:0 ListedInSceneOutliner:1 IsMainWorldOnly:0
 |   |   |- [+] [ 21]
 |   |   |   |- Guid:BC08B79C4EA3C961CFF75EBBE83B367D BaseClass: NativeClass:/Script/Engine.StaticMeshActor Name:StaticMeshActor_5 Label:SM_Cube2 SpatiallyLoaded:1 Bounds:IsValid=true, Min=(X=0.000 Y=0.000 Z=0.000), Max=(X=3000.000 Y=100.000 Z=400.000) RuntimeGrid:None EditorOnly:0 RuntimeOnly:0 HLODRelevant:1 ListedInSceneOutliner:1 IsMainWorldOnly:0 FolderPath:Playground FolderGuid:C73F09FC4215536B1DCE2A9E0A830C70
 |   |   |- [+] [ 22]
 |   |   |   |- Guid:C16B3D024213563A6DA6FDBBE617755C BaseClass:/Game/ThirdPerson/Blueprints/4_2_Teleport_Actor.4_2_Teleport_Actor_C NativeClass:/Script/Engine.Actor Name:4_2_Teleport_Actor_C_UAID_047C1656BC13FE3A02_1657020459 Label:4_2_Teleport_Actor SpatiallyLoaded:1 Bounds:IsValid=true, Min=(X=1520.000 Y=2282.500 Z=-4.000), Max=(X=1714.000 Y=2417.500 Z=124.000) RuntimeGrid:None EditorOnly:0 RuntimeOnly:0 HLODRelevant:0 ListedInSceneOutliner:1 IsMainWorldOnly:0
 |   |   |- [+] [ 23]
 |   |   |   |- Guid:CCFF262C46EEFFDF319E7F9539CE697E BaseClass: NativeClass:/Script/Engine.SkyAtmosphere Name:SkyAtmosphere_0 Label:SkyAtmosphere SpatiallyLoaded:0 Bounds:IsValid=true, Min=(X=0.000 Y=0.000 Z=1020.000), Max=(X=0.000 Y=0.000 Z=1020.000) RuntimeGrid:None EditorOnly:0 RuntimeOnly:0 HLODRelevant:0 ListedInSceneOutliner:1 IsMainWorldOnly:0 FolderPath:Lighting FolderGuid:963EC3EB4002CCE9759E2EBA541A873A
 |   |   |- [+] [ 24]
 |   |   |   |- Guid:EC4E0C944CE6AC6E784BC6BB2916EA13 BaseClass: NativeClass:/Script/Engine.StaticMeshActor Name:StaticMeshActor_UAID_A4AE111137DC5EFB00_1110535423 Label:SM_SkySphere SpatiallyLoaded:0 Bounds:IsValid=true, Min=(X=-1638400.000 Y=-1638400.000 Z=-1638400.000), Max=(X=1638400.000 Y=1638400.000 Z=1638400.000) RuntimeGrid:None EditorOnly:0 RuntimeOnly:0 HLODRelevant:1 ListedInSceneOutliner:1 IsMainWorldOnly:0 FolderPath:Lighting FolderGuid:963EC3EB4002CCE9759E2EBA541A873A
 |   |   |- [+] [ 25]
 |   |   |   |- Guid:EDBADBE346CE672348945489E951E9D5 BaseClass:/Game/ThirdPerson/Blueprints/2_3_Check_Box.2_3_Check_Box_C NativeClass:/Script/Engine.Actor Name:2_3_Check_box_C_UAID_047C1656BC13FC3A02_1543875101 Label:2_3_Check_box SpatiallyLoaded:1 Bounds:IsValid=true, Min=(X=1920.000 Y=1686.000 Z=-2.000), Max=(X=2114.000 Y=1814.000 Z=400.000) RuntimeGrid:None EditorOnly:0 RuntimeOnly:0 HLODRelevant:0 ListedInSceneOutliner:1 IsMainWorldOnly:0
 |   |   |- [+] [ 26]
 |   |   |   |- Guid:F1924B8D48954B30891B2DB6A694F9CC BaseClass: NativeClass:/Script/Engine.StaticMeshActor Name:StaticMeshActor_1 Label:SM_Cube SpatiallyLoaded:1 Bounds:IsValid=true, Min=(X=0.000 Y=0.000 Z=-50.000), Max=(X=3000.000 Y=3500.000 Z=0.000) RuntimeGrid:None EditorOnly:0 RuntimeOnly:0 HLODRelevant:1 ListedInSceneOutliner:1 IsMainWorldOnly:0 FolderPath:Playground FolderGuid:C73F09FC4215536B1DCE2A9E0A830C70
 |   |   |- [+] [ 27]
 |   |   |   |- Guid:F5E3FEB3450C49844FD93DA8E083C8AD BaseClass: NativeClass:/Script/Engine.PostProcessVolume Name:PostProcessVolume_0 Label:PostProcessVolume SpatiallyLoaded:0 Bounds:IsValid=true, Min=(X=0.000 Y=0.000 Z=400.000), Max=(X=200.000 Y=200.000 Z=600.000) RuntimeGrid:None EditorOnly:0 RuntimeOnly:0 HLODRelevant:0 ListedInSceneOutliner:1 IsMainWorldOnly:0 FolderPath:Lighting FolderGuid:963EC3EB4002CCE9759E2EBA541A873A
 |   |   |- [+] [ 28]
 |   |   |   |- Guid:F7971D6342942886936AF587B2818723 BaseClass:/Game/ThirdPerson/Blueprints/1_1_Extension.1_1_Extension_C NativeClass:/Script/Engine.Actor Name:1_1_Extension_C_UAID_047C1656BC13FA3A02_1167698743 Label:1_1_Extension SpatiallyLoaded:1 Bounds:IsValid=true, Min=(X=2390.000 Y=1120.000 Z=120.000), Max=(X=2570.000 Y=1220.000 Z=220.000) RuntimeGrid:None EditorOnly:0 RuntimeOnly:0 HLODRelevant:0 ListedInSceneOutliner:1 IsMainWorldOnly:0
 |   |   |- [+] [ 29]
 |   |   |   |- Guid:FAAAE64A4CE762CB7D4993BADC8BD714 BaseClass:/Game/ThirdPerson/Blueprints/2_2_Frog.2_2_Frog_C NativeClass:/Script/Engine.Actor Name:2_2_Frog_C_UAID_047C1656BC13FC3A02_1244904100 Label:2_2_Frog SpatiallyLoaded:1 Bounds:IsValid=true, Min=(X=1920.000 Y=1386.000 Z=-4.000), Max=(X=2114.000 Y=1514.000 Z=124.000) RuntimeGrid:None EditorOnly:0 RuntimeOnly:0 HLODRelevant:0 ListedInSceneOutliner:1 IsMainWorldOnly:0
 |   |   |- [+] [ 30]
 |   |   |   |- Guid:FF698C67459ADB4982D7759C0905EE9F BaseClass: NativeClass:/Script/Engine.StaticMeshActor Name:StaticMeshActor_6 Label:SM_Cube3 SpatiallyLoaded:1 Bounds:IsValid=true, Min=(X=0.000 Y=3400.000 Z=0.000), Max=(X=3000.000 Y=3500.000 Z=400.000) RuntimeGrid:None EditorOnly:0 RuntimeOnly:0 HLODRelevant:1 ListedInSceneOutliner:1 IsMainWorldOnly:0 FolderPath:Playground FolderGuid:C73F09FC4215536B1DCE2A9E0A830C70
 |- ContainerInstances:
 |- [+] MainContainer:
 |   |-        ID: 00000000000000000000000000000000
 |   |-  ParentID: 00000000000000000000000000000000
 |   |-    Bounds: IsValid=false, Min=(X=0.000 Y=0.000 Z=0.000), Max=(X=0.000 Y=0.000 Z=0.000)
 |   |- Transform: 0.000000,0.000000,0.000000|0.000000,0.000000,-0.000000|1.000000,1.000000,1.000000
 |   |- Container: /Game/ThirdPerson/Maps/ThirdPersonMap
----------------------------------------------------------------------------------------------------------------
ThirdPersonMap - Persistent Level
----------------------------------------------------------------------------------------------------------------
[+] Content of ThirdPersonMap Persistent Level
 |- Always loaded Actor Count: 31 
 |- Actor Path: /Game/ThirdPerson/Maps/ThirdPersonMap.ThirdPersonMap:PersistentLevel.1_1_Extension_C_UAID_047C1656BC13FA3A02_1167698743
 |- Actor Package: /Game/__ExternalActors__/ThirdPerson/Maps/ThirdPersonMap/B/0U/9A79FTRBF9EPKMWXJB5JEL
 |- Actor Path: /Game/ThirdPerson/Maps/ThirdPersonMap.ThirdPersonMap:PersistentLevel.1_2_Mushroom_C_UAID_047C1656BC13FA3A02_1713751744
 |- Actor Package: /Game/__ExternalActors__/ThirdPerson/Maps/ThirdPersonMap/1/U0/8GSECX27XOXI6PAVSS8S1K
 |- Actor Path: /Game/ThirdPerson/Maps/ThirdPersonMap.ThirdPersonMap:PersistentLevel.1_3_Rotation_C_UAID_047C1656BC13FB3A02_1198975921
 |- Actor Package: /Game/__ExternalActors__/ThirdPerson/Maps/ThirdPersonMap/4/6G/SDF9IROZ2QXZOY1ALI77OV
 |- Actor Path: /Game/ThirdPerson/Maps/ThirdPersonMap.ThirdPersonMap:PersistentLevel.1_4_Blowfish_C_UAID_047C1656BC13FB3A02_1510840922
 |- Actor Package: /Game/__ExternalActors__/ThirdPerson/Maps/ThirdPersonMap/5/5D/TQBRCMZ6E9RCN06P1RW1SR
 |- Actor Path: /Game/ThirdPerson/Maps/ThirdPersonMap.ThirdPersonMap:PersistentLevel.2_1_Push_C_UAID_047C1656BC13FB3A02_1907608923
 |- Actor Package: /Game/__ExternalActors__/ThirdPerson/Maps/ThirdPersonMap/C/K4/0N88BMSG235BXB8ULE8R8F
 |- Actor Path: /Game/ThirdPerson/Maps/ThirdPersonMap.ThirdPersonMap:PersistentLevel.2_2_Frog_C_UAID_047C1656BC13FC3A02_1244904100
 |- Actor Package: /Game/__ExternalActors__/ThirdPerson/Maps/ThirdPersonMap/C/5G/7C74KMA7TV7W7GN3H8QF9A
 |- Actor Path: /Game/ThirdPerson/Maps/ThirdPersonMap.ThirdPersonMap:PersistentLevel.2_3_Check_box_C_UAID_047C1656BC13FC3A02_1543875101
 |- Actor Package: /Game/__ExternalActors__/ThirdPerson/Maps/ThirdPersonMap/C/TP/55F36OE2S3CM3ZGDQ7IJZN
 |- Actor Path: /Game/ThirdPerson/Maps/ThirdPersonMap.ThirdPersonMap:PersistentLevel.3_1_Bad_Cube_C_UAID_047C1656BC13FC3A02_2013035102
 |- Actor Package: /Game/__ExternalActors__/ThirdPerson/Maps/ThirdPersonMap/A/2D/4USVLL7IHYRXDQFKUPHOAQ
 |- Actor Path: /Game/ThirdPerson/Maps/ThirdPersonMap.ThirdPersonMap:PersistentLevel.3_2_Good_Cube_C_UAID_047C1656BC13FD3A02_1636742280
 |- Actor Package: /Game/__ExternalActors__/ThirdPerson/Maps/ThirdPersonMap/D/GC/BHZZX2JJ0H556RP3AIWMIN
 |- Actor Path: /Game/ThirdPerson/Maps/ThirdPersonMap.ThirdPersonMap:PersistentLevel.3_3_Stalker_C_UAID_047C1656BC13FD3A02_1880029281
 |- Actor Package: /Game/__ExternalActors__/ThirdPerson/Maps/ThirdPersonMap/3/Y4/I4N4H6ZHDHCI1V34X7AUO1
 |- Actor Path: /Game/ThirdPerson/Maps/ThirdPersonMap.ThirdPersonMap:PersistentLevel.4_1_Teleport_Point_C_UAID_047C1656BC13FE3A02_1330973458
 |- Actor Package: /Game/__ExternalActors__/ThirdPerson/Maps/ThirdPersonMap/E/O1/8HN8ZIOPTD4HELG21WLLW5
 |- Actor Path: /Game/ThirdPerson/Maps/ThirdPersonMap.ThirdPersonMap:PersistentLevel.4_2_Teleport_Actor_C_UAID_047C1656BC13FE3A02_1657020459
 |- Actor Package: /Game/__ExternalActors__/ThirdPerson/Maps/ThirdPersonMap/5/YN/VO2XZFNE8G5OXIL6OK04YS
 |- Actor Path: /Game/ThirdPerson/Maps/ThirdPersonMap.ThirdPersonMap:PersistentLevel.4_3_Teleport_Widget_C_UAID_047C1656BC13FE3A02_1905855460
 |- Actor Package: /Game/__ExternalActors__/ThirdPerson/Maps/ThirdPersonMap/8/5S/70G8YXDJFX1L1N65D6OWSW
 |- Actor Path: /Game/ThirdPerson/Maps/ThirdPersonMap.ThirdPersonMap:PersistentLevel.5_1_Understudy_C_UAID_047C1656BC13FF3A02_1315026637
 |- Actor Package: /Game/__ExternalActors__/ThirdPerson/Maps/ThirdPersonMap/5/MS/IBPPSVOORKQSXY365YWBK8
 |- Actor Path: /Game/ThirdPerson/Maps/ThirdPersonMap.ThirdPersonMap:PersistentLevel.5_2_Repeat_After_Me_C_UAID_047C1656BC13003B02_1544822814
 |- Actor Package: /Game/__ExternalActors__/ThirdPerson/Maps/ThirdPersonMap/4/YL/LXICUOC4CCGL45HJ0MK5FX
 |- Actor Path: /Game/ThirdPerson/Maps/ThirdPersonMap.ThirdPersonMap:PersistentLevel.DirectionalLight_0
 |- Actor Package: /Game/__ExternalActors__/ThirdPerson/Maps/ThirdPersonMap/5/R1/TS5OQ5CRUWFZYL1ZQ7I416
 |- Actor Path: /Game/ThirdPerson/Maps/ThirdPersonMap.ThirdPersonMap:PersistentLevel.ExponentialHeightFog_0
 |- Actor Package: /Game/__ExternalActors__/ThirdPerson/Maps/ThirdPersonMap/6/J7/N10XDC9G27EMLS5AGZ6AVV
 |- Actor Path: /Game/ThirdPerson/Maps/ThirdPersonMap.ThirdPersonMap:PersistentLevel.PlayerStart_0
 |- Actor Package: /Game/__ExternalActors__/ThirdPerson/Maps/ThirdPersonMap/D/DE/SWSI13675DVYIZ0N4NF7Y3
 |- Actor Path: /Game/ThirdPerson/Maps/ThirdPersonMap.ThirdPersonMap:PersistentLevel.PostProcessVolume_0
 |- Actor Package: /Game/__ExternalActors__/ThirdPerson/Maps/ThirdPersonMap/1/AZ/A7GPT109Y6ZTTJD4A7TXER
 |- Actor Path: /Game/ThirdPerson/Maps/ThirdPersonMap.ThirdPersonMap:PersistentLevel.SkyAtmosphere_0
 |- Actor Package: /Game/__ExternalActors__/ThirdPerson/Maps/ThirdPersonMap/4/LN/30UBDLYFFA5ZR7U4W4L4GG
 |- Actor Path: /Game/ThirdPerson/Maps/ThirdPersonMap.ThirdPersonMap:PersistentLevel.SkyLight_1
 |- Actor Package: /Game/__ExternalActors__/ThirdPerson/Maps/ThirdPersonMap/8/S1/DXUWD12MD3HRWVVXX076BY
 |- Actor Path: /Game/ThirdPerson/Maps/ThirdPersonMap.ThirdPersonMap:PersistentLevel.StaticMeshActor_0
 |- Actor Package: /Game/__ExternalActors__/ThirdPerson/Maps/ThirdPersonMap/A/MS/MRHJREJ6H7USQYWF1KO8F6
 |- Actor Path: /Game/ThirdPerson/Maps/ThirdPersonMap.ThirdPersonMap:PersistentLevel.StaticMeshActor_1
 |- Actor Package: /Game/__ExternalActors__/ThirdPerson/Maps/ThirdPersonMap/6/YO/NG2R9BPZVA7ZDN0Z4VSTG6
 |- Actor Path: /Game/ThirdPerson/Maps/ThirdPersonMap.ThirdPersonMap:PersistentLevel.StaticMeshActor_4
 |- Actor Package: /Game/__ExternalActors__/ThirdPerson/Maps/ThirdPersonMap/5/9Q/U98KGKQ41NJYFOGFQM8ZDY
 |- Actor Path: /Game/ThirdPerson/Maps/ThirdPersonMap.ThirdPersonMap:PersistentLevel.StaticMeshActor_5
 |- Actor Package: /Game/__ExternalActors__/ThirdPerson/Maps/ThirdPersonMap/C/QF/BY1DA5CRGQSAMOTK8RA8KR
 |- Actor Path: /Game/ThirdPerson/Maps/ThirdPersonMap.ThirdPersonMap:PersistentLevel.StaticMeshActor_6
 |- Actor Package: /Game/__ExternalActors__/ThirdPerson/Maps/ThirdPersonMap/D/0G/JNKFA4X9LRMSF343ESPF6Q
 |- Actor Path: /Game/ThirdPerson/Maps/ThirdPersonMap.ThirdPersonMap:PersistentLevel.StaticMeshActor_UAID_047C1656BC13FD3A02_1332170279
 |- Actor Package: /Game/__ExternalActors__/ThirdPerson/Maps/ThirdPersonMap/4/DG/IZHWVW82QHZYT0E59AHNTL
 |- Actor Path: /Game/ThirdPerson/Maps/ThirdPersonMap.ThirdPersonMap:PersistentLevel.StaticMeshActor_UAID_A4AE111137DC5EFB00_1110535423
 |- Actor Package: /Game/__ExternalActors__/ThirdPerson/Maps/ThirdPersonMap/4/PN/2QISIGK5DJNQ05US8O8FXW
 |- Actor Path: /Game/ThirdPerson/Maps/ThirdPersonMap.ThirdPersonMap:PersistentLevel.TextRenderActor_1
 |- Actor Package: /Game/__ExternalActors__/ThirdPerson/Maps/ThirdPersonMap/1/WU/NB37RT5Q32Z8MJWD8BD2SO
 |- Actor Path: /Game/ThirdPerson/Maps/ThirdPersonMap.ThirdPersonMap:PersistentLevel.VolumetricCloud_0
 |- Actor Package: /Game/__ExternalActors__/ThirdPerson/Maps/ThirdPersonMap/3/EY/87SHEJN5UBEAN2K5OV1G6R
 |- Actor Path: /Game/ThirdPerson/Maps/ThirdPersonMap.ThirdPersonMap:PersistentLevel.WorldDataLayers
 |- Actor Package: /Game/__ExternalActors__/ThirdPerson/Maps/ThirdPersonMap/0/43/HYQWORMY4JDQ5X3OKZXFLC

----------------------------------------------------------------------------------------------------------------
ThirdPersonMap - Runtime Hash Set
----------------------------------------------------------------------------------------------------------------

